{"userEnv":"gabeg","ts":"2025-10-24T16:04:32.4908324-04:00","reason":"updating audit logger","note":"Committed using --no-verify to bypass foundation lock (intentional)","machine":"DESKTOP-1GPADAC","by":"xnfinite"}
{"branch":"main","actor":"xnfinite","message":"test: post-commit logging fix","commit":"bcef20e7f572f232ff572d2f80166c0850dcc40b","mode":"normal","ts_utc":"2025-10-24T21:27:28.8817920Z","machine":"DESKTOP-1GPADAC"}
{"machine":"DESKTOP-1GPADAC","mode":"normal","message":"docs: update Night Core README with branding, roadmap, and profit timeline","ts_utc":"2025-10-25T09:10:29.3601809Z","branch":"main","actor":"xnfinite","commit":"804ada78c2354342fef32f5c39d7483c9d6f36fc"}
{"machine":"DESKTOP-1GPADAC","ts_utc":"2025-10-25T09:14:26.4141740Z","actor":"xnfinite","message":"docs: clean and finalize Night Core README","commit":"1877c870d9a86c1e5c5301334dc6a2c3c220259d","branch":"main","mode":"normal"}
{"mode":"normal","branch":"main","actor":"xnfinite","message":"fix: corrected Night Core logo file extension and added asset","commit":"d20f2a8555a05534f550c4b720bc343df2bff57f","machine":"DESKTOP-1GPADAC","ts_utc":"2025-10-25T09:27:48.6223310Z"}
{"mode":"normal","machine":"DESKTOP-1GPADAC","commit":"61ddf8a2cd77e211e62b32121fa0f6dcf89606b0","message":"docs: fix markdown formatting for documentation and layout sections","ts_utc":"2025-10-25T09:39:32.4237307Z","actor":"xnfinite","branch":"main"}
{"branch":"main","message":"docs: fix markdown formatting for documentation and layout sections","commit":"5c487aa611a82e09653d181e4b5f3d5ec3a940b0","machine":"DESKTOP-1GPADAC","mode":"normal","actor":"xnfinite","ts_utc":"2025-10-25T09:45:11.3180376Z"}
{"mode":"normal","machine":"DESKTOP-1GPADAC","branch":"main","commit":"8d7529aeb747f7baf59fe8d748b5b93677e48241","message":"docs: update Night Core README and verify baseline integrity","ts_utc":"2025-10-25T09:56:09.1608794Z","actor":"xnfinite"}
{"mode":"normal","message":"docs: fix markdown formatting for documentation and layout sections","machine":"DESKTOP-1GPADAC","actor":"xnfinite","ts_utc":"2025-10-25T10:04:13.9541110Z","commit":"be3aa6187fbc10e5c3e715d59599db54bdbe0fa9","branch":"main"}
{"message":"docs: add Governance and Threat Model documentation","mode":"normal","branch":"main","actor":"xnfinite","ts_utc":"2025-10-25T10:21:55.9200058Z","machine":"DESKTOP-1GPADAC","commit":"78be49365253fc6f5268de92ad1a81ccd6af6f98"}
{"message":"docs: add AUFS Overview and completed Roadmap with Night Core headers","ts_utc":"2025-10-25T10:33:28.2099063Z","actor":"xnfinite","machine":"DESKTOP-1GPADAC","branch":"main","mode":"normal","commit":"3466e0ca86bd1c5afcbed9f7ebd9168a558c74d5"}
{"mode":"normal","ts_utc":"2025-10-25T10:48:55.0897005Z","branch":"main","message":"config: add default policy with Guardian and AUFS settings","commit":"0903caae1b0d807502511eb6efaf254303b67ae9","machine":"DESKTOP-1GPADAC","actor":"xnfinite"}
{"mode":"normal","actor":"xnfinite","ts_utc":"2025-10-25T10:55:52.6512539Z","message":"config: add Night Mesh section to default policy","branch":"main","machine":"DESKTOP-1GPADAC","commit":"7786f11d3b75fc73cf4207100aeb0dca4dfdefcb"}
{"mode":"normal","commit":"3c007cd27c926f94a3f7225ce9079d98014e193c","message":"docs: add Night Mesh distributed proof sync specification","branch":"main","actor":"xnfinite","ts_utc":"2025-10-25T11:37:58.8943183Z","machine":"DESKTOP-1GPADAC"}
{"branch":"main","actor":"xnfinite","commit":"e1960254d203af11b8084c4e32c4fe746ce6c86b","message":"docs: add Vesper AI Assistant and self-documentation layer specification","machine":"DESKTOP-1GPADAC","ts_utc":"2025-10-25T11:41:07.2025273Z","mode":"normal"}
{"branch":"main","message":"docs: add master documentation index with links to all Night Core subsystems","ts_utc":"2025-10-25T11:43:48.2730600Z","actor":"xnfinite","commit":"ced103e5d599a82cee468b8815ecca1df0347b9a","mode":"normal","machine":"DESKTOP-1GPADAC"}
{"branch":"main","commit":"6c865fb5ee710a449085f5f7c18f096b52fb7290","mode":"normal","ts_utc":"2025-10-25T15:13:26.3843829Z","actor":"xnfinite","message":"docs: sync Threat Model + Guardian + Docs Portal","machine":"DESKTOP-1GPADAC"}
{"mode":"normal","branch":"main","ts_utc":"2025-10-25T16:04:31.9037242Z","actor":"xnfinite","message":"update: fixed Night Core Guardian logo and documentation formatting","commit":"a7d0651cf94be70ba5b1869b86b48c478a56bcdc","machine":"DESKTOP-1GPADAC"}
{"commit":"605020871da53f6817cf17ab1f242f527800166a","machine":"DESKTOP-1GPADAC","branch":"main","message":"update: fixed Night Core Guardian logo and documentation formatting","mode":"normal","actor":"xnfinite","ts_utc":"2025-10-25T16:05:58.3065718Z"}
{"branch":"main","commit":"4403fc411c9b14e9267927097826b97ffa01e8c6","message":"update: fixed Night Core Guardian logo and documentation formatting","machine":"DESKTOP-1GPADAC","mode":"normal","actor":"xnfinite","ts_utc":"2025-10-25T16:14:06.2662695Z"}
{"actor":"xnfinite","message":"update: fixed Night Core Guardian logo and documentation formatting","mode":"normal","ts_utc":"2025-10-25T16:18:42.1132725Z","machine":"DESKTOP-1GPADAC","commit":"7787545af08d2d01174e01c414c3b1c854f3dff7","branch":"main"}
{"commit":"4983b6c92322077640c2b7b77ac3380f5baf5988","ts_utc":"2025-10-25T16:56:28.0752801Z","message":"update: Guardian.md restored with correct logo path","branch":"main","actor":"xnfinite","machine":"DESKTOP-1GPADAC","mode":"normal"}
{"branch":"main","machine":"DESKTOP-1GPADAC","mode":"normal","commit":"3101a67cdf70c2c415eb2f70313ac2417eac7c24","message":"fix: display Night Core Guardian logo via raw GitHub URL","actor":"xnfinite","ts_utc":"2025-10-25T17:10:11.8463431Z"}
{"commit":"58faec9f14dcaca4b0cff085a5f5ee5b0e77af04","mode":"normal","machine":"DESKTOP-1GPADAC","ts_utc":"2025-10-27T04:20:48.7548912Z","branch":"main","message":"Stable baseline: Wasmtime 37 + WASI P1 + Async support verified","actor":"xnfinite"}
{"mode":"normal","message":"Cleaned unused imports  stable baseline warning-free","commit":"ab0f47e103ae36f40135695473e171fa3c47f158","ts_utc":"2025-10-27T04:33:41.9069558Z","actor":"xnfinite","machine":"DESKTOP-1GPADAC","branch":"main"}
{"actor":"xnfinite","machine":"DESKTOP-1GPADAC","ts_utc":"2025-10-27T04:35:13.1520296Z","branch":"main","mode":"normal","message":"Audit log update  foundation lock verified before cargo fix","commit":"dbf2310eb13b718955a8e0c878af189241e3010a"}
{"ts_utc":"2025-10-27T04:36:34.8924023Z","commit":"ae5008426f107f74656caedb41bb60c1c412c2a0","message":" Audit log updated  verified before cargo fix","branch":"main","mode":"normal","machine":"DESKTOP-1GPADAC","actor":"xnfinite"}
{"ts_utc":"2025-10-27T05:35:22.9565524Z","machine":"DESKTOP-1GPADAC","actor":"xnfinite","branch":"main","message":" Added Night Core v37 B106 Stable Final release notes and updated dashboard footer","commit":"1edb2f4313b68ff0ea2cf67137768e7c503ac1a6","mode":"normal"}
{"machine":"DESKTOP-1GPADAC","actor":"xnfinite","commit":"d8a76d97c3863fa89b03c77d799b39d59ab2bcf7","ts_utc":"2025-10-27T06:45:48.4508000Z","message":"📘 Updated STATUS_v37.md — xnfinite maintainer reference and privacy-safe baseline","branch":"main","mode":"normal"}
{"ts_utc":"2025-10-27T06:53:42.2140554Z","actor":"xnfinite","commit":"dc89b9e1849cf475aacf9069fee990c3f5741952","branch":"main","machine":"DESKTOP-1GPADAC","mode":"normal","message":"🪶 Added dashboard footer: Maintained by xnfinite — View STATUS_v37.md"}
{"commit":"19528f1240cbaea1d1fcb3e212085f3a4a31781f","branch":"main","ts_utc":"2025-10-27T08:07:53.5316455Z","actor":"xnfinite","machine":"DESKTOP-1GPADAC","mode":"normal","message":"🛡️ Added Proof of Authorship & Legal Notice (xnfinite)"}
{"actor":"xnfinite","message":"🛡️ Added Proof of Authorship & Legal Notice to README","machine":"DESKTOP-1GPADAC","mode":"normal","ts_utc":"2025-10-27T08:21:55.6610744Z","branch":"main","commit":"d9a1c8498a0685d2b898c919df1ee69d48fa934e"}
{"ts_utc":"2025-10-27T08:23:36.8597438Z","commit":"2981bbe708ee753ac925df729590be63c69763c5","message":"🛡️ Added Proof of Authorship & Legal Notice to README","machine":"DESKTOP-1GPADAC","branch":"main","mode":"normal","actor":"xnfinite"}
{"branch":"main","machine":"DESKTOP-1GPADAC","ts_utc":"2025-10-27T08:30:21.5211797Z","mode":"normal","commit":"b95e910d831eb8092b83b2bdaf7db13e1234561d","message":"🧭 Sanitized ROADMAP.md — removed personal identifiers for xnfinite organization compliance","actor":"xnfinite"}
{"branch":"main","actor":"xnfinite","message":"🧱 Updated baseline.json — replaced personal maintainer info with xnfinite organization","commit":"a803f3ae13521053b8b5d8a06e1fa8831f50d481","ts_utc":"2025-10-27T08:33:13.7813293Z","mode":"normal","machine":"DESKTOP-1GPADAC"}
{"mode":"normal","machine":"DESKTOP-1GPADAC","ts_utc":"2025-10-27T17:38:51.4509454Z","message":"🧩 Verified AUFS v38 Stable — hash chain update recorded","branch":"main","commit":"c2fccbb06647b8ebc962b1bc0a62fa2f0b3e3675","actor":"xnfinite"}
{"ts_utc":"2025-10-27T17:56:55.8381746Z","machine":"DESKTOP-1GPADAC","actor":"xnfinite","mode":"normal","branch":"main","message":"🧩 Verified AUFS v38 Stable — AUFS_VERIFICATION.md + audit_v38.jsonl","commit":"f0bb035fbcc1a8562db887830e81981faa169f02"}
{"commit":"34faa2e03ce71b0526747fbbb54abab9d9b2c528","ts_utc":"2025-10-27T18:22:50.8108629Z","actor":"xnfinite","machine":"DESKTOP-1GPADAC","branch":"main","message":"🧩 Verified AUFS v38 Stable — baseline updated, AUFS_VERIFICATION.md + audit_v38.jsonl","mode":"normal"}
{"machine":"DESKTOP-1GPADAC","branch":"main","ts_utc":"2025-10-27T18:37:09.3447015Z","actor":"xnfinite","commit":"f9590314947e37121378b695c8fc08d1a7c567d3","message":"🧩 Verified AUFS v38 Stable — AUFS_VERIFICATION.md + audit_v38.jsonl","mode":"normal"}
{"commit":"2fb5adbb958591557969062326228fb1e37e513d","ts_utc":"2025-10-27T19:31:33.9261596Z","actor":"xnfinite","mode":"normal","branch":"main","message":"🔒 Night Core Safe Run — Verified AUFS v38 (2025-10-27 15:31:25)","machine":"DESKTOP-1GPADAC"}
---
🧩 Foundation Update — AUFS v38
Timestamp: 2025-10-27 16:26:24
Maintainer: xnfinite
Scope: Core source and signature files
Justification: Approved baseline modification following AUFS governance policy.
Action:
  - Updated src/*.rs core modules
  - Adjusted AUFS verification/signature logic
  - Synced new Safe Run script (nightcore_safe_run_signed.ps1)
Verification:
  - Ed25519 keys verified prior to push
  - SHA-256 manifest check confirmed
Outcome: SUCCESS — Manual foundation push approved by maintainer.
---
---
🧩 Foundation Update — AUFS v38
Timestamp: 2025-10-27 16:27:00
Maintainer: xnfinite
Scope: Core source and signature files
Justification: Approved baseline modification following AUFS governance policy.
Action:
  - Updated src/*.rs core modules
  - Adjusted AUFS verification/signature logic
  - Synced new Safe Run script (nightcore_safe_run_signed.ps1)
Verification:
  - Ed25519 keys verified prior to push
  - SHA-256 manifest check confirmed
Outcome: SUCCESS — Manual foundation push approved by maintainer.
---
{"message":"🔒 GPG signing test (Night Core)","ts_utc":"2025-10-27T21:01:29.3717290Z","mode":"normal","branch":"main","actor":"xnfinite","commit":"8dfb38f7edef6bc6d3b8a3a0cebbe5554a76abcf","machine":"DESKTOP-1GPADAC"}
{"branch":"main","actor":"xnfinite","message":"🔒 Safe Signed Commit — Verified AUFS Chain (xnfinite)","commit":"bf0bdb782e145d577a003d0aa014a90bce64685a","machine":"DESKTOP-1GPADAC","mode":"normal","ts_utc":"2025-10-27T21:14:50.0474210Z"}
{"ts_utc":"2025-10-27T21:29:00.2637211Z","commit":"f120b2d75beed975f69f07ab27ebf28568ce8baa","mode":"normal","machine":"DESKTOP-1GPADAC","message":"🔒 Safe Signed Commit — Verified AUFS Chain (xnfinite)","actor":"xnfinite","branch":"main"}
---
🧩 Verification Pass — AUFS v38
Timestamp: 2025-10-27 17:29:03
Commit: f120b2d75beed975f69f07ab27ebf28568ce8baa
Audit Hash: 054DB10191506AC01D9464E08191721EB3CCD730E49B59C5DB2F97E6C774B861
Maintainer: xnfinite
Outcome: SUCCESS — Safe signed run completed and verified.
---
{"commit":"3ffd770bc770e6c17fb16e6673be7cf0d52162ab","machine":"DESKTOP-1GPADAC","mode":"normal","branch":"main","actor":"xnfinite","message":"🔒 Safe Signed Commit — Verified AUFS Chain (xnfinite)","ts_utc":"2025-10-27T21:40:34.5414260Z"}
---
🧩 Verification Pass — AUFS v38
Timestamp: 2025-10-27 17:40:38
Commit: 3ffd770bc770e6c17fb16e6673be7cf0d52162ab
Audit Hash: 6D787E621D41CAE2C0FE63A27F36FAC87EF1773BA675040A808E11393523D3A0
Maintainer: xnfinite
Outcome: SUCCESS — Safe signed run completed and verified.
---
{"branch":"main","ts_utc":"2025-10-27T22:00:33.8105958Z","machine":"DESKTOP-1GPADAC","message":"🔒 Safe Signed Commit — Verified AUFS Chain (xnfinite)","mode":"normal","actor":"xnfinite","commit":"77a04a749426e0f58d777d0b6b225071c4e1982f"}
{"message":"🔒 Safe Signed Commit — Verified AUFS Chain (xnfinite)","commit":"723ea7c78aa2b8a1e02662e9013478a2e883f123","machine":"DESKTOP-1GPADAC","ts_utc":"2025-10-27T22:02:27.2841121Z","branch":"main","actor":"xnfinite","mode":"normal"}
{"machine":"DESKTOP-1GPADAC","message":"🔒 Safe Signed Commit — Verified AUFS Chain (xnfinite)","branch":"main","commit":"0b6e7bc53a906f58d317d9057f595142354819b6","mode":"normal","actor":"xnfinite","ts_utc":"2025-10-27T23:55:02.4821781Z"}
{"machine":"DESKTOP-1GPADAC","commit":"536f951e0b3f9f0ea2bdfb68403b7a844bfd15a7","mode":"normal","actor":"xnfinite","branch":"main","message":"🧩 Updated module hashes — verified AUFS state (xnfinite)","ts_utc":"2025-10-28T00:47:01.7100550Z"}
---
🧩 Manifest Hash Update — AUFS v38
Timestamp: 2025-10-27 20:47:05
Commit: 536f951e0b3f9f0ea2bdfb68403b7a844bfd15a7
Manifest SHA-256: 242B296AE3C206CD711E149B3CA63CF6377FD52ECA6A6F730A908A2F7638F878
Maintainer: xnfinite
Outcome: SUCCESS — Module hashes updated, committed, and verified.
---
{"branch":"main","mode":"normal","actor":"xnfinite","commit":"fa33d7fc55fbf8fdcb070e0804f421c8329959c0","ts_utc":"2025-10-28T01:02:02.8360282Z","message":"🔒 Safe Signed Commit — Verified AUFS Chain (xnfinite)","machine":"DESKTOP-1GPADAC"}
{"mode":"normal","branch":"main","actor":"xnfinite","message":"🔒 Safe Signed Commit — Verified AUFS Chain (xnfinite)","machine":"DESKTOP-1GPADAC","commit":"488850eb1346774ba3e559d77442ae21daef619d","ts_utc":"2025-10-28T01:19:04.6450419Z"}
{"actor":"xnfinite","machine":"DESKTOP-1GPADAC","branch":"main","ts_utc":"2025-10-28T03:05:05.6914989Z","mode":"normal","commit":"c364523cb60fd43453d895154bbbb6d6e629d93a","message":"🔒 Safe Signed Commit — Verified AUFS Chain (xnfinite)"}
